c:\users\dngoi\documents\github\kinectfacestudio\hdfacevisualizer\x64\debug\pch.pch
c:\users\dngoi\documents\github\kinectfacestudio\hdfacevisualizer\x64\debug\vc120.pdb
c:\users\dngoi\documents\github\kinectfacestudio\hdfacevisualizer\x64\debug\pch.sbr
c:\users\dngoi\documents\github\kinectfacestudio\hdfacevisualizer\x64\debug\pch.pchast
c:\users\dngoi\documents\github\kinectfacestudio\hdfacevisualizer\x64\debug\pch.nativecodeanalysis.xml
c:\users\dngoi\documents\github\kinectfacestudio\hdfacevisualizer\x64\debug\pch.obj
c:\users\dngoi\documents\github\kinectfacestudio\hdfacevisualizer\x64\debug\directxpanelbase.sbr
c:\users\dngoi\documents\github\kinectfacestudio\hdfacevisualizer\x64\debug\directxpanelbase.nativecodeanalysis.xml
c:\users\dngoi\documents\github\kinectfacestudio\hdfacevisualizer\x64\debug\directxpanelbase.obj
c:\users\dngoi\documents\github\kinectfacestudio\hdfacevisualizer\x64\debug\hdfaced3dpanel.sbr
c:\users\dngoi\documents\github\kinectfacestudio\x64\debug\hdfacevisualizer\hdfacepixelshader.cso
c:\users\dngoi\documents\github\kinectfacestudio\x64\debug\hdfacevisualizer\hdfacevertexshader.cso
c:\users\dngoi\documents\github\kinectfacestudio\hdfacevisualizer\x64\debug\hdfacevisualizer.vcxprojresolveassemblyreference.cache
c:\users\dngoi\documents\github\kinectfacestudio\hdfacevisualizer\x64\debug\hdfacexa.53063db1.tlog\cl.command.1.tlog
c:\users\dngoi\documents\github\kinectfacestudio\hdfacevisualizer\x64\debug\hdfacexa.53063db1.tlog\cl.read.1.tlog
c:\users\dngoi\documents\github\kinectfacestudio\hdfacevisualizer\x64\debug\hdfacexa.53063db1.tlog\cl.write.1.tlog
c:\users\dngoi\documents\github\kinectfacestudio\hdfacevisualizer\x64\debug\hdfacexa.53063db1.tlog\fxc.command.1.tlog
c:\users\dngoi\documents\github\kinectfacestudio\hdfacevisualizer\x64\debug\hdfacexa.53063db1.tlog\fxc.read.1.tlog
c:\users\dngoi\documents\github\kinectfacestudio\hdfacevisualizer\x64\debug\hdfacexa.53063db1.tlog\fxc.write.1.tlog
c:\users\dngoi\documents\github\kinectfacestudio\hdfacevisualizer\x64\debug\hdfacexa.53063db1.tlog\hdfacexamlvisualizer.write.1u.tlog
