Build started 7/16/2015 10:25:59 PM.
     1>Project "C:\Users\dngoi\Documents\GitHub\KinectFaceStudio\HDFaceVisualizer\HDFaceVisualizer.vcxproj" on node 2 (Build target(s)).
     1>ClCompile:
         C:\Program Files (x86)\Microsoft Visual Studio 12.0\VC\bin\x86_amd64\CL.exe /c /IC:\Users\dngoi\Documents\GitHub\KinectFaceStudio\HDFaceVisualizer\ /I"Generated Files\\" /Ix64\Debug\ /Zi /ZW /ZW:nostdlib /nologo /W3 /WX- /sdl /MP /Od /D CODE_ANALYSIS /D _WINRT_DLL /D _WINDLL /D _UNICODE /D UNICODE /D _DEBUG /D WINAPI_FAMILY=WINAPI_FAMILY_APP /Gm- /EHsc /RTC1 /MDd /GS /fp:precise /Zc:wchar_t /Zc:forScope /Yu"pch.h" /Fp"x64\Debug\pch.pch" /Fo"x64\Debug\\" /Fd"x64\Debug\vc120.pdb" /FR"x64\Debug\\" /Gd /TP /FU"C:\Program Files (x86)\Microsoft SDKs\Windows\v8.1\ExtensionSDKs\Microsoft.Kinect.Face\2.0\References\CommonConfiguration\neutral\Microsoft.Kinect.Face.winmd" /FU"C:\Program Files (x86)\Microsoft SDKs\Windows\v8.1\ExtensionSDKs\Microsoft.VCLibs\12.0\References\CommonConfiguration\neutral\platform.winmd" /FU"C:\Program Files (x86)\Microsoft SDKs\Windows\v8.1\ExtensionSDKs\WindowsPreview.Kinect\2.0\References\CommonConfiguration\neutral\WindowsPreview.Data.winmd" /FU"C:\Program Files (x86)\Microsoft SDKs\Windows\v8.1\ExtensionSDKs\WindowsPreview.Kinect\2.0\References\CommonConfiguration\neutral\WindowsPreview.Kinect.winmd" /FU"C:\Program Files (x86)\Windows Kits\8.1\References\CommonConfiguration\Neutral\Windows.winmd" /FU"C:\Program Files (x86)\Windows Kits\8.1\References\CommonConfiguration\Neutral\Windows.winmd" /analyze /errorReport:prompt /bigobj   /analyze:quiet HDFaceD3DPanel.cpp
         HDFaceD3DPanel.cpp
     1>c:\users\dngoi\documents\github\kinectfacestudio\hdfacevisualizer\HDFaceD3DPanel.h(175): warning C4973: 'Windows::Graphics::Display::DisplayPropertiesEventHandler' : marked as deprecated
                 Message: 'The DisplayProperties type and related event handlers may be altered and or unavailable for releases after Windows 8.1. Instead, use DisplayInformation.'
                 This diagnostic occurred while importing type 'Windows::Graphics::Display::DisplayPropertiesEventHandler ' from assembly 'Windows, Version=255.255.255.255, Culture=neutral, PublicKeyToken=null'.
                 This diagnostic occurred while importing type 'Windows::Graphics::Display::DisplayProperties ' from assembly 'Windows, Version=255.255.255.255, Culture=neutral, PublicKeyToken=null'.
     1>c:\users\dngoi\documents\github\kinectfacestudio\hdfacevisualizer\HDFaceD3DPanel.h(175): warning C4973: 'Windows::Graphics::Display::DisplayProperties::LogicalDpi::get' : marked as deprecated
                 Message: 'DisplayProperties may be altered or unavailable for releases after Windows 8.1. Instead, use DisplayInformation.'
     1>c:\users\dngoi\documents\github\kinectfacestudio\hdfacevisualizer\HDFaceD3DPanel.h(176): warning C4973: 'Windows::Graphics::Display::DisplayProperties::ResolutionScale::get' : marked as deprecated
                 Message: 'DisplayProperties may be altered or unavailable for releases after Windows 8.1. Instead, use DisplayInformation.'
     1>c:\users\dngoi\documents\github\kinectfacestudio\hdfacevisualizer\HDFaceD3DPanel.h(182): warning C4973: 'Windows::Graphics::Display::DisplayProperties::LogicalDpi::get' : marked as deprecated
                 Message: 'DisplayProperties may be altered or unavailable for releases after Windows 8.1. Instead, use DisplayInformation.'
     1>HDFaceD3DPanel.cpp(208): warning C4305: 'initializing' : truncation from 'double' to 'float'
     1>HDFaceD3DPanel.cpp(1041): warning C4018: '<' : signed/unsigned mismatch
     1>HDFaceD3DPanel.cpp(1085): warning C4244: 'argument' : conversion from 'int' to 'float', possible loss of data
       Link:
         C:\Program Files (x86)\Microsoft Visual Studio 12.0\VC\bin\x86_amd64\link.exe /ERRORREPORT:PROMPT /OUT:"C:\Users\dngoi\Documents\GitHub\KinectFaceStudio\x64\Debug\HDFaceVisualizer\HDFaceXAMLVisualizer.dll" /INCREMENTAL /NOLOGO d3d11.lib dxgi.lib d2d1.lib runtimeobject.lib kernel32.lib /MANIFEST:NO /DEBUG /PDB:"C:\Users\dngoi\Documents\GitHub\KinectFaceStudio\x64\Debug\HDFaceVisualizer\HDFaceXAMLVisualizer.pdb" /SUBSYSTEM:CONSOLE /TLBID:1 /APPCONTAINER /WINMD /WINMDFILE:"C:\Users\dngoi\Documents\GitHub\KinectFaceStudio\x64\Debug\HDFaceVisualizer\HDFaceVisualizer.winmd" /DYNAMICBASE /NXCOMPAT /MACHINE:X64 /DLL x64\Debug\DirectXPanelBase.obj
         x64\Debug\HDFaceD3DPanel.obj
         x64\Debug\pch.obj
            Creating library C:\Users\dngoi\Documents\GitHub\KinectFaceStudio\x64\Debug\HDFaceVisualizer\HDFaceXAMLVisualizer.lib and object C:\Users\dngoi\Documents\GitHub\KinectFaceStudio\x64\Debug\HDFaceVisualizer\HDFaceXAMLVisualizer.exp
         HDFaceVisualizer.vcxproj -> C:\Users\dngoi\Documents\GitHub\KinectFaceStudio\x64\Debug\HDFaceVisualizer\HDFaceXAMLVisualizer.dll
       BscMake:
         C:\Program Files (x86)\Microsoft Visual Studio 12.0\VC\bin\bscmake.exe /nologo /o"C:\Users\dngoi\Documents\GitHub\KinectFaceStudio\x64\Debug\HDFaceVisualizer\HDFaceXAMLVisualizer.bsc" /n x64\Debug\DirectXPanelBase.sbr x64\Debug\HDFaceD3DPanel.sbr x64\Debug\pch.sbr
       _GenerateProjectPriFileCore:
         C:\Program Files (x86)\Windows Kits\8.1\bin\x64\MakePri.exe New -ProjectRoot C:\Users\dngoi\Documents\GitHub\KinectFaceStudio\HDFaceVisualizer\ -ConfigXml x64\Debug\priconfig.xml -OutputFile C:\Users\dngoi\Documents\GitHub\KinectFaceStudio\x64\Debug\HDFaceVisualizer\HDFaceVisualizer.pri -IndexName HDFaceVisualizer -Verbose -Overwrite  
     1>Done Building Project "C:\Users\dngoi\Documents\GitHub\KinectFaceStudio\HDFaceVisualizer\HDFaceVisualizer.vcxproj" (Build target(s)).

Build succeeded.

Time Elapsed 00:00:26.43
