c:\users\dwight\documents\visual studio 2013\projects\hdfacebasics-skinhaircolor-xaml_cpp\hdfacevisualizer\debug\pch.pch
c:\users\dwight\documents\visual studio 2013\projects\hdfacebasics-skinhaircolor-xaml_cpp\hdfacevisualizer\debug\vc120.pdb
c:\users\dwight\documents\visual studio 2013\projects\hdfacebasics-skinhaircolor-xaml_cpp\hdfacevisualizer\debug\vc120.idb
c:\users\dwight\documents\visual studio 2013\projects\hdfacebasics-skinhaircolor-xaml_cpp\hdfacevisualizer\debug\pch.obj
c:\users\dwight\documents\visual studio 2013\projects\hdfacebasics-skinhaircolor-xaml_cpp\hdfacevisualizer\debug\directxpanelbase.obj
c:\users\dwight\documents\visual studio 2013\projects\hdfacebasics-skinhaircolor-xaml_cpp\hdfacevisualizer\debug\hdfaced3dpanel.obj
c:\users\dwight\documents\visual studio 2013\projects\hdfacebasics-skinhaircolor-xaml_cpp\debug\hdfacevisualizer\hdfacepixelshader.cso
c:\users\dwight\documents\visual studio 2013\projects\hdfacebasics-skinhaircolor-xaml_cpp\debug\hdfacevisualizer\hdfacevertexshader.cso
c:\users\dwight\documents\visual studio 2013\projects\hdfacebasics-skinhaircolor-xaml_cpp\debug\hdfacevisualizer\hdfacevisualizer.winmd
c:\users\dwight\documents\visual studio 2013\projects\hdfacebasics-skinhaircolor-xaml_cpp\debug\hdfacevisualizer\hdfacexamlvisualizer.lib
c:\users\dwight\documents\visual studio 2013\projects\hdfacebasics-skinhaircolor-xaml_cpp\debug\hdfacevisualizer\hdfacexamlvisualizer.exp
c:\users\dwight\documents\visual studio 2013\projects\hdfacebasics-skinhaircolor-xaml_cpp\hdfacevisualizer\debug\priconfig.xml
c:\users\dwight\documents\visual studio 2013\projects\hdfacebasics-skinhaircolor-xaml_cpp\hdfacevisualizer\debug\priconfig.xml.intermediate
c:\users\dwight\documents\visual studio 2013\projects\hdfacebasics-skinhaircolor-xaml_cpp\hdfacevisualizer\debug\layout.resfiles
c:\users\dwight\documents\visual studio 2013\projects\hdfacebasics-skinhaircolor-xaml_cpp\hdfacevisualizer\debug\layout.resfiles.intermediate
c:\users\dwight\documents\visual studio 2013\projects\hdfacebasics-skinhaircolor-xaml_cpp\hdfacevisualizer\debug\resources.resfiles
c:\users\dwight\documents\visual studio 2013\projects\hdfacebasics-skinhaircolor-xaml_cpp\hdfacevisualizer\debug\resources.resfiles.intermediate
c:\users\dwight\documents\visual studio 2013\projects\hdfacebasics-skinhaircolor-xaml_cpp\hdfacevisualizer\debug\pri.resfiles
c:\users\dwight\documents\visual studio 2013\projects\hdfacebasics-skinhaircolor-xaml_cpp\hdfacevisualizer\debug\pri.resfiles.intermediate
c:\users\dwight\documents\visual studio 2013\projects\hdfacebasics-skinhaircolor-xaml_cpp\debug\hdfacevisualizer\hdfacevisualizer.pri
c:\users\dwight\documents\visual studio 2013\projects\hdfacebasics-skinhaircolor-xaml_cpp\hdfacevisualizer\debug\qualifiers.txt
c:\users\dwight\documents\visual studio 2013\projects\hdfacebasics-skinhaircolor-xaml_cpp\hdfacevisualizer\debug\qualifiers.txt.intermediate
c:\users\dwight\documents\visual studio 2013\projects\hdfacebasics-skinhaircolor-xaml_cpp\hdfacevisualizer\debug\multiplequalifiersperdimensionfound.txt
c:\users\dwight\documents\visual studio 2013\projects\hdfacebasics-skinhaircolor-xaml_cpp\hdfacevisualizer\debug\hdfacevisualizer.vcxprojresolveassemblyreference.cache
c:\users\dwight\documents\visual studio 2013\projects\hdfacebasics-skinhaircolor-xaml_cpp\debug\hdfacevisualizer\hdfacexamlvisualizer.ilk
c:\users\dwight\documents\visual studio 2013\projects\hdfacebasics-skinhaircolor-xaml_cpp\debug\hdfacevisualizer\hdfacexamlvisualizer.dll
c:\users\dwight\documents\visual studio 2013\projects\hdfacebasics-skinhaircolor-xaml_cpp\debug\hdfacevisualizer\hdfacexamlvisualizer.pdb
c:\users\dwight\documents\visual studio 2013\projects\hdfacebasics-skinhaircolor-xaml_cpp\hdfacevisualizer\debug\hdfacexa.53063db1.tlog\cl.command.1.tlog
c:\users\dwight\documents\visual studio 2013\projects\hdfacebasics-skinhaircolor-xaml_cpp\hdfacevisualizer\debug\hdfacexa.53063db1.tlog\cl.read.1.tlog
c:\users\dwight\documents\visual studio 2013\projects\hdfacebasics-skinhaircolor-xaml_cpp\hdfacevisualizer\debug\hdfacexa.53063db1.tlog\cl.write.1.tlog
c:\users\dwight\documents\visual studio 2013\projects\hdfacebasics-skinhaircolor-xaml_cpp\hdfacevisualizer\debug\hdfacexa.53063db1.tlog\fxc.command.1.tlog
c:\users\dwight\documents\visual studio 2013\projects\hdfacebasics-skinhaircolor-xaml_cpp\hdfacevisualizer\debug\hdfacexa.53063db1.tlog\fxc.read.1.tlog
c:\users\dwight\documents\visual studio 2013\projects\hdfacebasics-skinhaircolor-xaml_cpp\hdfacevisualizer\debug\hdfacexa.53063db1.tlog\fxc.write.1.tlog
c:\users\dwight\documents\visual studio 2013\projects\hdfacebasics-skinhaircolor-xaml_cpp\hdfacevisualizer\debug\hdfacexa.53063db1.tlog\hdfacexamlvisualizer.read.1u.tlog
c:\users\dwight\documents\visual studio 2013\projects\hdfacebasics-skinhaircolor-xaml_cpp\hdfacevisualizer\debug\hdfacexa.53063db1.tlog\hdfacexamlvisualizer.write.1u.tlog
c:\users\dwight\documents\visual studio 2013\projects\hdfacebasics-skinhaircolor-xaml_cpp\hdfacevisualizer\debug\hdfacexa.53063db1.tlog\link.command.1.tlog
c:\users\dwight\documents\visual studio 2013\projects\hdfacebasics-skinhaircolor-xaml_cpp\hdfacevisualizer\debug\hdfacexa.53063db1.tlog\link.read.1.tlog
c:\users\dwight\documents\visual studio 2013\projects\hdfacebasics-skinhaircolor-xaml_cpp\hdfacevisualizer\debug\hdfacexa.53063db1.tlog\link.write.1.tlog
